lid_vel	omega	decomp	grid_size	timesteps	SECONDS	mlups
0.1	1.6	1	100	10000	39	2564102
0.1	1.6	2	100	10000	11	9090909
0.1	1.6	4	100	10000	7	14285714
0.1	1.6	5	100	10000	8	12500000
0.1	1.6	10	100	10000	31	3225806
0.1	1.6	20	100	10000	16	6250000
0.1	1.6	1	200	10000	119	3361344
0.1	1.6	2	200	10000	30	13333333
0.1	1.6	4	200	10000	14	28571428
0.1	1.6	5	200	10000	12	33333333
0.1	1.6	8	200	10000	15	26666666
0.1	1.6	10	200	10000	10	40000000
0.1	1.6	20	200	10000	13	30769230
0.1	1.6	1	300	10000	287	3135888
0.1	1.6	2	300	10000	63	14285714
0.1	1.6	3	300	10000	34	26470588
0.1	1.6	4	300	10000	22	40909090
0.1	1.6	5	300	10000	21	42857142
0.1	1.6	6	300	10000	18	50000000
0.1	1.6	10	300	10000	14	64285714
0.1	1.6	12	300	10000	12	75000000
0.1	1.6	15	300	10000	10	90000000
0.1	1.6	20	300	10000	11	81818181

============================= JOB FEEDBACK =============================

NodeName=uc2n[201-204,209-214]
Job ID: 21010876
Cluster: uc2
User/Group: fr_hr148/fr_fr
State: COMPLETED (exit code 0)
Nodes: 10
Cores per node: 80
CPU Utilized: 04:45:58
CPU Efficiency: 2.55% of 7-19:06:40 core-walltime
Job Wall-clock time: 00:14:02
Memory Utilized: 58.61 GB (estimated maximum)
Memory Efficiency: 97.69% of 60.00 GB (6.00 GB/node)
